# JRE version: Java(TM) SE Runtime Environment (8.0_60-b27) (build 1.8.0_60-b27)
# Java VM: Java HotSpot(TM) 64-Bit Server VM (25.60-b23 mixed mode bsd-amd64 compressed oops)
Heap:
 PSYoungGen      total 611840K, used 27605K [0x0000000795580000, 0x00000007c0000000, 0x00000007c0000000)
  eden space 524800K, 5% used [0x0000000795580000,0x0000000797075490,0x00000007b5600000)
  from space 87040K, 0% used [0x00000007b5600000,0x00000007b5600000,0x00000007bab00000)
  to   space 87040K, 0% used [0x00000007bab00000,0x00000007bab00000,0x00000007c0000000)
 ParOldGen       total 1398272K, used 64877K [0x0000000740000000, 0x0000000795580000, 0x0000000795580000)
  object space 1398272K, 4% used [0x0000000740000000,0x0000000743f5b518,0x0000000795580000)
 Metaspace       used 61508K, capacity 61932K, committed 62080K, reserved 1099776K
  class space    used 11196K, capacity 11363K, committed 11392K, reserved 1048576K
GC Heap History (10 events):
Event: 211.504 GC heap before
{Heap before GC invocations=9 (full 4):
 PSYoungGen      total 611840K, used 524800K [0x0000000795580000, 0x00000007c0000000, 0x00000007c0000000)
  eden space 524800K, 100% used [0x0000000795580000,0x00000007b5600000,0x00000007b5600000)
  from space 87040K, 0% used [0x00000007bab00000,0x00000007bab00000,0x00000007c0000000)
  to   space 87040K, 0% used [0x00000007b5600000,0x00000007b5600000,0x00000007bab00000)
 ParOldGen       total 1398272K, used 17574K [0x0000000740000000, 0x0000000795580000, 0x0000000795580000)
  object space 1398272K, 1% used [0x0000000740000000,0x0000000741129810,0x0000000795580000)
 Metaspace       used 60579K, capacity 60998K, committed 61184K, reserved 1099776K
  class space    used 11014K, capacity 11139K, committed 11264K, reserved 1048576K
Event: 211.552 GC heap after
Heap after GC invocations=9 (full 4):
 PSYoungGen      total 611840K, used 71003K [0x0000000795580000, 0x00000007c0000000, 0x00000007c0000000)
  eden space 524800K, 0% used [0x0000000795580000,0x0000000795580000,0x00000007b5600000)
  from space 87040K, 81% used [0x00000007b5600000,0x00000007b9b56f80,0x00000007bab00000)
  to   space 87040K, 0% used [0x00000007bab00000,0x00000007bab00000,0x00000007c0000000)
 ParOldGen       total 1398272K, used 17590K [0x0000000740000000, 0x0000000795580000, 0x0000000795580000)
  object space 1398272K, 1% used [0x0000000740000000,0x000000074112d810,0x0000000795580000)
 Metaspace       used 60579K, capacity 60998K, committed 61184K, reserved 1099776K
  class space    used 11014K, capacity 11139K, committed 11264K, reserved 1048576K
}
Event: 211.790 GC heap before
{Heap before GC invocations=10 (full 4):
 PSYoungGen      total 611840K, used 173020K [0x0000000795580000, 0x00000007c0000000, 0x00000007c0000000)
  eden space 524800K, 19% used [0x0000000795580000,0x000000079b920300,0x00000007b5600000)
  from space 87040K, 81% used [0x00000007b5600000,0x00000007b9b56f80,0x00000007bab00000)
  to   space 87040K, 0% used [0x00000007bab00000,0x00000007bab00000,0x00000007c0000000)
 ParOldGen       total 1398272K, used 17590K [0x0000000740000000, 0x0000000795580000, 0x0000000795580000)
  object space 1398272K, 1% used [0x0000000740000000,0x000000074112d810,0x0000000795580000)
 Metaspace       used 60884K, capacity 61382K, committed 61696K, reserved 1099776K
  class space    used 11060K, capacity 11203K, committed 11264K, reserved 1048576K
Event: 211.829 GC heap after
Heap after GC invocations=10 (full 4):
 PSYoungGen      total 611840K, used 55587K [0x0000000795580000, 0x00000007c0000000, 0x00000007c0000000)
  eden space 524800K, 0% used [0x0000000795580000,0x0000000795580000,0x00000007b5600000)
  from space 87040K, 63% used [0x00000007bab00000,0x00000007be148d38,0x00000007c0000000)
  to   space 87040K, 0% used [0x00000007b5600000,0x00000007b5600000,0x00000007bab00000)
 ParOldGen       total 1398272K, used 17598K [0x0000000740000000, 0x0000000795580000, 0x0000000795580000)
  object space 1398272K, 1% used [0x0000000740000000,0x000000074112f810,0x0000000795580000)
 Metaspace       used 60884K, capacity 61382K, committed 61696K, reserved 1099776K
  class space    used 11060K, capacity 11203K, committed 11264K, reserved 1048576K
}
Event: 211.829 GC heap before
{Heap before GC invocations=11 (full 5):
 PSYoungGen      total 611840K, used 55587K [0x0000000795580000, 0x00000007c0000000, 0x00000007c0000000)
  eden space 524800K, 0% used [0x0000000795580000,0x0000000795580000,0x00000007b5600000)
  from space 87040K, 63% used [0x00000007bab00000,0x00000007be148d38,0x00000007c0000000)
  to   space 87040K, 0% used [0x00000007b5600000,0x00000007b5600000,0x00000007bab00000)
 ParOldGen       total 1398272K, used 17598K [0x0000000740000000, 0x0000000795580000, 0x0000000795580000)
  object space 1398272K, 1% used [0x0000000740000000,0x000000074112f810,0x0000000795580000)
 Metaspace       used 60884K, capacity 61382K, committed 61696K, reserved 1099776K
  class space    used 11060K, capacity 11203K, committed 11264K, reserved 1048576K
Event: 212.162 GC heap after
Heap after GC invocations=11 (full 5):
 PSYoungGen      total 611840K, used 0K [0x0000000795580000, 0x00000007c0000000, 0x00000007c0000000)
  eden space 524800K, 0% used [0x0000000795580000,0x0000000795580000,0x00000007b5600000)
  from space 87040K, 0% used [0x00000007bab00000,0x00000007bab00000,0x00000007c0000000)
  to   space 87040K, 0% used [0x00000007b5600000,0x00000007b5600000,0x00000007bab00000)
 ParOldGen       total 1398272K, used 65907K [0x0000000740000000, 0x0000000795580000, 0x0000000795580000)
  object space 1398272K, 4% used [0x0000000740000000,0x000000074405ccd0,0x0000000795580000)
 Metaspace       used 60882K, capacity 61376K, committed 61696K, reserved 1099776K
  class space    used 11060K, capacity 11201K, committed 11264K, reserved 1048576K
}
Event: 212.166 GC heap before
{Heap before GC invocations=12 (full 5):
 PSYoungGen      total 611840K, used 20362K [0x0000000795580000, 0x00000007c0000000, 0x00000007c0000000)
  eden space 524800K, 3% used [0x0000000795580000,0x0000000796962b88,0x00000007b5600000)
  from space 87040K, 0% used [0x00000007bab00000,0x00000007bab00000,0x00000007c0000000)
  to   space 87040K, 0% used [0x00000007b5600000,0x00000007b5600000,0x00000007bab00000)
 ParOldGen       total 1398272K, used 65907K [0x0000000740000000, 0x0000000795580000, 0x0000000795580000)
  object space 1398272K, 4% used [0x0000000740000000,0x000000074405ccd0,0x0000000795580000)
 Metaspace       used 60882K, capacity 61376K, committed 61696K, reserved 1099776K
  class space    used 11060K, capacity 11201K, committed 11264K, reserved 1048576K
Event: 212.168 GC heap after
Heap after GC invocations=12 (full 5):
 PSYoungGen      total 611840K, used 32K [0x0000000795580000, 0x00000007c0000000, 0x00000007c0000000)
  eden space 524800K, 0% used [0x0000000795580000,0x0000000795580000,0x00000007b5600000)
  from space 87040K, 0% used [0x00000007b5600000,0x00000007b5608000,0x00000007bab00000)
  to   space 87040K, 0% used [0x00000007bab00000,0x00000007bab00000,0x00000007c0000000)
 ParOldGen       total 1398272K, used 65907K [0x0000000740000000, 0x0000000795580000, 0x0000000795580000)
  object space 1398272K, 4% used [0x0000000740000000,0x000000074405ccd0,0x0000000795580000)
 Metaspace       used 60882K, capacity 61376K, committed 61696K, reserved 1099776K
  class space    used 11060K, capacity 11201K, committed 11264K, reserved 1048576K
}
Event: 212.168 GC heap before
{Heap before GC invocations=13 (full 6):
 PSYoungGen      total 611840K, used 32K [0x0000000795580000, 0x00000007c0000000, 0x00000007c0000000)
  eden space 524800K, 0% used [0x0000000795580000,0x0000000795580000,0x00000007b5600000)
  from space 87040K, 0% used [0x00000007b5600000,0x00000007b5608000,0x00000007bab00000)
  to   space 87040K, 0% used [0x00000007bab00000,0x00000007bab00000,0x00000007c0000000)
 ParOldGen       total 1398272K, used 65907K [0x0000000740000000, 0x0000000795580000, 0x0000000795580000)
  object space 1398272K, 4% used [0x0000000740000000,0x000000074405ccd0,0x0000000795580000)
 Metaspace       used 60882K, capacity 61376K, committed 61696K, reserved 1099776K
  class space    used 11060K, capacity 11201K, committed 11264K, reserved 1048576K
Event: 212.566 GC heap after
Heap after GC invocations=13 (full 6):
 PSYoungGen      total 611840K, used 0K [0x0000000795580000, 0x00000007c0000000, 0x00000007c0000000)
  eden space 524800K, 0% used [0x0000000795580000,0x0000000795580000,0x00000007b5600000)
  from space 87040K, 0% used [0x00000007b5600000,0x00000007b5600000,0x00000007bab00000)
  to   space 87040K, 0% used [0x00000007bab00000,0x00000007bab00000,0x00000007c0000000)
 ParOldGen       total 1398272K, used 64877K [0x0000000740000000, 0x0000000795580000, 0x0000000795580000)
  object space 1398272K, 4% used [0x0000000740000000,0x0000000743f5b518,0x0000000795580000)
 Metaspace       used 60882K, capacity 61376K, committed 61696K, reserved 1099776K
  class space    used 11060K, capacity 11201K, committed 11264K, reserved 1048576K
}

